<?xml version="1.0" encoding="UTF-8"?>
<!-- Generated by org.testng.reporters.JUnitReportReporter -->
<testsuite hostname="Diana-PC" failures="0" tests="3" name="TestCases.TestCases" time="21.536" errors="0" timestamp="2020-02-03T14:18:23 EET" skipped="0">
  <testcase classname="TestCases.TestCases" name="start" time="18.066"/>
  <system-out/>
  <testcase classname="TestCases.TestCases" name="searchProduct" time="1.838"/>
  <system-out/>
  <testcase classname="TestCases.TestCases" name="sorting" time="1.632"/>
  <system-out/>
</testsuite> <!-- TestCases.TestCases -->
